<?xml version="1.0" encoding="UTF-8"?>
<!-- Generated by org.testng.reporters.JUnitXMLReporter -->
<testsuite ignored="0" hostname="DESKTOP-QLLEM1F" failures="0" tests="10" name="Default test" time="16.66" errors="0" timestamp="29 Jun 2021 19:54:34 GMT">
  <testcase classname="tests.UserCanRegisterTest" name="UserCanRegisterSecussfully" time="4.05"/>
  <testcase classname="tests.UserCanRegisterTest" name="UserregisterWithInvaildFname" time="1.318"/>
  <testcase classname="tests.UserCanRegisterTest" name="UserregisterWithInvaildlname" time="1.288"/>
  <testcase classname="tests.UserCanRegisterTest" name="UserregisterWithBlankemail" time="1.304"/>
  <testcase classname="tests.UserCanRegisterTest" name="UserregisterWithInvaildlemail" time="1.265"/>
  <testcase classname="tests.UserCanRegisterTest" name="UserregisterWithInvaildlpassword" time="1.29"/>
  <testcase classname="tests.UserCanRegisterTest" name="UserregisterWithInvaildlpasswordLessThan6Digits" time="1.321"/>
  <testcase classname="tests.UserCanRegisterTest" name="UserregisterWithInvaildlConfiremPassword" time="1.279"/>
  <testcase classname="tests.UserCanRegisterTest" name="UserregisterWithUnMatchedConfiremPassword" time="0.886"/>
  <testcase classname="tests.UserCanRegisterTest" name="UserregisterWithEmailAlreayExistent" time="2.384"/>
</testsuite> <!-- Default test -->
