<?xml version="1.0" encoding="UTF-8"?>
<!-- Generated by org.testng.reporters.JUnitXMLReporter -->
<testsuite ignored="2" hostname="DESKTOP-QLLEM1F" failures="0" tests="11" name="Regression Test" time="22.451" errors="0" timestamp="29 Jun 2021 19:49:22 GMT">
  <testcase classname="tests.UserCanLoginTest" name="UserCanLoginSuccessfully" time="6.673"/>
  <testcase classname="tests.UserCanRegisterTest" name="UserCanRegisterSecussfully" time="2.909"/>
  <testcase classname="tests.UserCanRegisterTest" name="UserregisterWithInvaildFname" time="1.354"/>
  <testcase classname="tests.UserCanRegisterTest" name="UserregisterWithInvaildlname" time="1.294"/>
  <testcase classname="tests.UserCanRegisterTest" name="UserregisterWithBlankemail" time="1.315"/>
  <testcase classname="tests.UserCanRegisterTest" name="UserregisterWithInvaildlemail" time="1.291"/>
  <testcase classname="tests.UserCanRegisterTest" name="UserregisterWithInvaildlpassword" time="1.295"/>
  <testcase classname="tests.UserCanRegisterTest" name="UserregisterWithInvaildlpasswordLessThan6Digits" time="0.919"/>
  <testcase classname="tests.UserCanRegisterTest" name="UserregisterWithInvaildlConfiremPassword" time="1.694"/>
  <testcase classname="tests.UserCanRegisterTest" name="UserregisterWithUnMatchedConfiremPassword" time="0.901"/>
  <testcase classname="tests.UserCanRegisterTest" name="UserregisterWithEmailAlreayExistent" time="2.512"/>
  <testcase classname="tests.TestBase" name="@BeforeSuite startDriver" time="0.0">
    <ignored/>
  </testcase> <!-- @BeforeSuite startDriver -->
  <testcase classname="tests.TestBase" name="@AfterSuite stopDriver" time="0.0">
    <ignored/>
  </testcase> <!-- @AfterSuite stopDriver -->
</testsuite> <!-- Regression Test -->
